 2022-04-16 13:27:42,921  X=0.30650231884991447
 2022-04-16 13:27:42,924  Y=0.7427922976467248
 2022-04-16 13:27:42,926  Z=0.18848067588221393
 2022-04-16 13:27:43,004  
 CS1
 dataset shape: (600, 50) 
 Mean squared error: 30855.3711930096 
 samples: 50 
 --------------------------------- 

 2022-04-16 13:28:04,170  X=0.6009845513643945
 2022-04-16 13:28:04,172  Y=0.8440943677305267
 2022-04-16 13:28:04,174  Z=0.4663377610930819
 2022-04-16 13:28:04,252  
 CS1
 dataset shape: (600, 100) 
 Mean squared error: 22076.096540235714 
 samples: 100 
 --------------------------------- 

 2022-04-16 13:28:24,795  X=0.8783612732265952
 2022-04-16 13:28:24,797  Y=0.8992417485782526
 2022-04-16 13:28:24,799  Z=0.8219531221405676
 2022-04-16 13:28:24,898  
 CS1
 dataset shape: (600, 200) 
 Mean squared error: 9054.857107324331 
 samples: 200 
 --------------------------------- 

 2022-04-16 13:28:45,480  X=0.9456846890410531
 2022-04-16 13:28:45,482  Y=0.9110942014796237
 2022-04-16 13:28:45,484  Z=0.8464752695665956
 2022-04-16 13:28:45,626  
 CS1
 dataset shape: (600, 400) 
 Mean squared error: 5541.555106515046 
 samples: 400 
 --------------------------------- 

 2022-04-16 13:29:06,332  X=0.958747953807079
 2022-04-16 13:29:06,334  Y=0.9122367678467654
 2022-04-16 13:29:06,336  Z=0.8575891986949985
 2022-04-16 13:29:06,576  
 CS1
 dataset shape: (600, 800) 
 Mean squared error: 4946.437996715128 
 samples: 800 
 --------------------------------- 

 2022-04-16 13:29:26,943  X=0.9549881737901129
 2022-04-16 13:29:26,945  Y=0.9047368640476366
 2022-04-16 13:29:26,947  Z=0.8535351334462982
 2022-04-16 13:29:27,307  
 CS1
 dataset shape: (600, 1200) 
 Mean squared error: 5567.555359189242 
 samples: 1200 
 --------------------------------- 

 2022-04-16 13:29:49,049  X=0.9138309307889273
 2022-04-16 13:29:49,051  Y=0.8366655554625007
 2022-04-16 13:29:49,053  Z=0.7954686450396479
 2022-04-16 13:29:49,893  
 CS1
 dataset shape: (600, 2400) 
 Mean squared error: 10005.010057633019 
 samples: 2400 
 --------------------------------- 

 2022-04-16 13:31:08,056  X=0.7622555859457403
 2022-04-16 13:31:08,058  Y=0.6744308438045861
 2022-04-16 13:31:08,061  Z=0.6423378257585204
 2022-04-16 13:31:21,309  
 CS1
 dataset shape: (600, 4800) 
 Mean squared error: 20900.035972203885 
 samples: 4800 
 --------------------------------- 

 2022-04-16 13:39:37,062  X=0.5533400545821607
 2022-04-16 13:39:37,064  Y=0.7285648358345985
 2022-04-16 13:39:37,066  Z=0.37302252029209665
 2022-04-16 13:39:37,216  
 CS2
 dataset shape: (977, 50) 
 Mean squared error: 23010.186301418027 
 samples: 50 
 --------------------------------- 

 2022-04-16 13:40:12,621  X=0.7845351021988265
 2022-04-16 13:40:12,624  Y=0.8898803871140899
 2022-04-16 13:40:12,626  Z=0.7437047812632525
 2022-04-16 13:40:12,798  
 CS2
 dataset shape: (977, 100) 
 Mean squared error: 12547.20809486897 
 samples: 100 
 --------------------------------- 

 2022-04-16 13:40:48,595  X=0.9010306039078223
 2022-04-16 13:40:48,598  Y=0.956993847056472
 2022-04-16 13:40:48,600  Z=0.9205524150474075
 2022-04-16 13:40:48,816  
 CS2
 dataset shape: (977, 200) 
 Mean squared error: 5960.20906581125 
 samples: 200 
 --------------------------------- 

 2022-04-16 13:41:24,707  X=0.9476948957063973
 2022-04-16 13:41:24,709  Y=0.9665994309924724
 2022-04-16 13:41:24,711  Z=0.943862967503455
 2022-04-16 13:41:25,029  
 CS2
 dataset shape: (977, 400) 
 Mean squared error: 3453.4367723186188 
 samples: 400 
 --------------------------------- 

 2022-04-16 13:42:01,912  X=0.9597935082067184
 2022-04-16 13:42:01,914  Y=0.9655667199765537
 2022-04-16 13:42:01,916  Z=0.9406498326567934
 2022-04-16 13:42:02,504  
 CS2
 dataset shape: (977, 800) 
 Mean squared error: 3109.6066595084553 
 samples: 800 
 --------------------------------- 

 2022-04-16 13:42:38,028  X=0.9539460522512966
 2022-04-16 13:42:38,031  Y=0.9592089313976699
 2022-04-16 13:42:38,033  Z=0.9373274368480573
 2022-04-16 13:42:38,922  
 CS2
 dataset shape: (977, 1200) 
 Mean squared error: 3783.358400070069 
 samples: 1200 
 --------------------------------- 

 2022-04-16 13:43:20,239  X=0.9092348079774039
 2022-04-16 13:43:20,242  Y=0.9124931291602373
 2022-04-16 13:43:20,244  Z=0.9097235517413728
 2022-04-16 13:43:22,356  
 CS2
 dataset shape: (977, 2400) 
 Mean squared error: 7827.1848744883855 
 samples: 2400 
 --------------------------------- 

 2022-04-16 13:46:33,818  X=0.7425617140270495
 2022-04-16 13:46:33,821  Y=0.7618832438303327
 2022-04-16 13:46:33,823  Z=0.7861453261561037
 2022-04-16 13:47:09,536  
 CS2
 dataset shape: (977, 4800) 
 Mean squared error: 18018.842521825132 
 samples: 4800 
 --------------------------------- 

 2022-04-16 13:58:40,674  X=0.5045339021066289
 2022-04-16 13:58:40,676  Y=0.6521786502263694
 2022-04-16 13:58:40,678  Z=0.4995614619510435
 2022-04-16 13:58:40,854  
 CS3
 dataset shape: (1000, 100) 
 Mean squared error: 22454.718208522583 
 samples: 100 
 --------------------------------- 

 2022-04-16 13:59:17,223  X=0.7837204919191241
 2022-04-16 13:59:17,226  Y=0.7585859088030923
 2022-04-16 13:59:17,228  Z=0.6295047898623388
 2022-04-16 13:59:17,461  
 CS3
 dataset shape: (1000, 200) 
 Mean squared error: 13473.871450287623 
 samples: 200 
 --------------------------------- 

 2022-04-16 13:59:54,363  X=0.8743172622079085
 2022-04-16 13:59:54,366  Y=0.7749509063213113
 2022-04-16 13:59:54,368  Z=0.6990225788074999
 2022-04-16 13:59:54,701  
 CS3
 dataset shape: (1000, 400) 
 Mean squared error: 9484.217429858767 
 samples: 400 
 --------------------------------- 

 2022-04-16 14:00:32,447  X=0.8889307338879483
 2022-04-16 14:00:32,449  Y=0.7775981126110184
 2022-04-16 14:00:32,451  Z=0.6972881818100681
 2022-04-16 14:00:33,043  
 CS3
 dataset shape: (1000, 800) 
 Mean squared error: 8959.033528482336 
 samples: 800 
 --------------------------------- 

 2022-04-16 14:01:09,468  X=0.8812277898979947
 2022-04-16 14:01:09,471  Y=0.7839883706783087
 2022-04-16 14:01:09,473  Z=0.6913738047094294
 2022-04-16 14:01:10,388  
 CS3
 dataset shape: (1000, 1200) 
 Mean squared error: 9678.392289042982 
 samples: 1200 
 --------------------------------- 

 2022-04-16 14:01:54,703  X=0.8186246239515522
 2022-04-16 14:01:54,706  Y=0.7481746644200318
 2022-04-16 14:01:54,709  Z=0.6496633544699656
 2022-04-16 14:01:57,040  
 CS3
 dataset shape: (1000, 2400) 
 Mean squared error: 14310.361549497056 
 samples: 2400 
 --------------------------------- 

 2022-04-16 14:05:17,796  X=0.573684992550091
 2022-04-16 14:05:17,798  Y=0.4884910076067923
 2022-04-16 14:05:17,801  Z=0.49145390415736595
 2022-04-16 14:05:55,505  
 CS3
 dataset shape: (1000, 4800) 
 Mean squared error: 24004.265702864508 
 samples: 4800 
 --------------------------------- 

 2023-06-08 01:00:51,683  X=0.1863970246470305
 2023-06-08 01:00:51,684  Y=0.2424445402168473
 2023-06-08 01:00:51,686  Z=0.15772916832631287
 2023-06-08 01:00:51,766  
 CS3
 dataset shape: (1000, 50) 
 Mean squared error: 29469.30022891823 
 samples: 50 
 --------------------------------- 

