 2022-04-15 22:58:44,853  X=0.6170502538034986
 2022-04-15 22:58:44,855  Y=0.8066612206479892
 2022-04-15 22:58:44,857  Z=0.274088648823298
 2022-04-15 22:58:44,877  
 CS_1 Linear regression: 
 dataset shape: (600, 50) 
 Mean squared error: 23743.3634583705 
 samples: 50 
 --------------------------------- 

 2022-04-15 22:59:06,072  X=0.6563388505761616
 2022-04-15 22:59:06,074  Y=0.84017731705465
 2022-04-15 22:59:06,076  Z=0.39898579952980795
 2022-04-15 22:59:06,099  
 CS_1 Linear regression: 
 dataset shape: (600, 100) 
 Mean squared error: 25140.73708301433 
 samples: 100 
 --------------------------------- 

 2022-04-15 22:59:27,774  X=0.6416469825522477
 2022-04-15 22:59:27,776  Y=0.8225016517071214
 2022-04-15 22:59:27,778  Z=0.414809742543708
 2022-04-15 22:59:27,806  
 CS_1 Linear regression: 
 dataset shape: (600, 200) 
 Mean squared error: 34116.324823490606 
 samples: 200 
 --------------------------------- 

 2022-04-15 22:59:54,336  X=0.39182169713814863
 2022-04-15 22:59:54,338  Y=0.4851003417223372
 2022-04-15 22:59:54,341  Z=0.23241030951193595
 2022-04-15 22:59:54,380  
 CS_1 Linear regression: 
 dataset shape: (600, 400) 
 Mean squared error: 137331.6085797299 
 samples: 400 
 --------------------------------- 

 2022-04-15 23:00:22,349  X=0.3797946808790814
 2022-04-15 23:00:22,351  Y=0.5067636973736321
 2022-04-15 23:00:22,353  Z=0.20965497030674685
 2022-04-15 23:00:22,405  
 CS_1 Linear regression: 
 dataset shape: (600, 800) 
 Mean squared error: 144283.34795361178 
 samples: 800 
 --------------------------------- 

 2022-04-15 23:00:50,714  X=0.4764652561511998
 2022-04-15 23:00:50,716  Y=0.5692085232378563
 2022-04-15 23:00:50,718  Z=0.2518402939681253
 2022-04-15 23:00:50,791  
 CS_1 Linear regression: 
 dataset shape: (600, 1200) 
 Mean squared error: 85275.84408028937 
 samples: 1200 
 --------------------------------- 

 2022-04-15 23:01:24,303  X=0.5221194568702174
 2022-04-15 23:01:24,305  Y=0.5915573860736866
 2022-04-15 23:01:24,307  Z=0.21583055140687027
 2022-04-15 23:01:24,425  
 CS_1 Linear regression: 
 dataset shape: (600, 2400) 
 Mean squared error: 72975.38940404275 
 samples: 2400 
 --------------------------------- 

 2022-04-15 23:02:10,498  X=0.458556671473225
 2022-04-15 23:02:10,500  Y=0.6304907092136809
 2022-04-15 23:02:10,502  Z=0.21272007197859916
 2022-04-15 23:02:10,722  
 CS_1 Linear regression: 
 dataset shape: (600, 4800) 
 Mean squared error: 73682.43059367317 
 samples: 4800 
 --------------------------------- 

 2022-04-15 23:03:03,448  X=0.7926434430350637
 2022-04-15 23:03:03,450  Y=0.8253788581116046
 2022-04-15 23:03:03,452  Z=0.641897639045407
 2022-04-15 23:03:03,476  
 CS_2 Linear regression: 
 dataset shape: (977, 50) 
 Mean squared error: 12742.227906637685 
 samples: 50 
 --------------------------------- 

 2022-04-15 23:03:39,495  X=0.8290195707339848
 2022-04-15 23:03:39,498  Y=0.8903798407145271
 2022-04-15 23:03:39,500  Z=0.7486337088557585
 2022-04-15 23:03:39,526  
 CS_2 Linear regression: 
 dataset shape: (977, 100) 
 Mean squared error: 10178.923807758125 
 samples: 100 
 --------------------------------- 

 2022-04-15 23:04:16,741  X=0.8138912746389595
 2022-04-15 23:04:16,743  Y=0.8872151311457087
 2022-04-15 23:04:16,746  Z=0.7152785000165435
 2022-04-15 23:04:16,774  
 CS_2 Linear regression: 
 dataset shape: (977, 200) 
 Mean squared error: 11267.4545837368 
 samples: 200 
 --------------------------------- 

 2022-04-15 23:05:00,316  X=0.7104740519927993
 2022-04-15 23:05:00,319  Y=0.7243814487466854
 2022-04-15 23:05:00,321  Z=0.6193232642624223
 2022-04-15 23:05:00,358  
 CS_2 Linear regression: 
 dataset shape: (977, 400) 
 Mean squared error: 20271.149807856862 
 samples: 400 
 --------------------------------- 

 2022-04-15 23:05:55,589  X=-0.007660371495209396
 2022-04-15 23:05:55,591  Y=0.17651827324025735
 2022-04-15 23:05:55,593  Z=0.09173298229468077
 2022-04-15 23:05:55,647  
 CS_2 Linear regression: 
 dataset shape: (977, 800) 
 Mean squared error: 693101.5439741199 
 samples: 800 
 --------------------------------- 

 2022-04-15 23:06:49,671  X=0.38011845114267456
 2022-04-15 23:06:49,674  Y=0.4234640616980962
 2022-04-15 23:06:49,676  Z=0.2577538993154246
 2022-04-15 23:06:49,765  
 CS_2 Linear regression: 
 dataset shape: (977, 1200) 
 Mean squared error: 104990.88803395107 
 samples: 1200 
 --------------------------------- 

 2022-04-15 23:07:53,419  X=0.4603580691311364
 2022-04-15 23:07:53,421  Y=0.5225768103429417
 2022-04-15 23:07:53,423  Z=0.3814328554591371
 2022-04-15 23:07:53,540  
 CS_2 Linear regression: 
 dataset shape: (977, 2400) 
 Mean squared error: 59241.2528265267 
 samples: 2400 
 --------------------------------- 

 2022-04-15 23:09:13,097  X=0.5182941832418159
 2022-04-15 23:09:13,099  Y=0.5785704533641366
 2022-04-15 23:09:13,101  Z=0.46092206646344647
 2022-04-15 23:09:13,322  
 CS_2 Linear regression: 
 dataset shape: (977, 4800) 
 Mean squared error: 50714.74850301406 
 samples: 4800 
 --------------------------------- 

 2022-04-15 23:19:18,176  X=0.009278225282701523
 2022-04-15 23:19:18,178  Y=0.014872454106682621
 2022-04-15 23:19:18,180  Z=-0.05046513949403243
 2022-04-15 23:19:18,201  
 CS_3 Linear regression: 
 dataset shape: (1000, 50) 
 Mean squared error: 32248.171043144514 
 samples: 50 
 --------------------------------- 

 2022-04-15 23:19:54,434  X=-0.1766668907072226
 2022-04-15 23:19:54,436  Y=-0.012341811654337656
 2022-04-15 23:19:54,438  Z=0.02160269611863073
 2022-04-15 23:19:54,462  
 CS_3 Linear regression: 
 dataset shape: (1000, 100) 
 Mean squared error: 39413.64561360988 
 samples: 100 
 --------------------------------- 

 2022-04-15 23:20:31,825  X=-0.1324228245937445
 2022-04-15 23:20:31,828  Y=0.044647142268988534
 2022-04-15 23:20:31,830  Z=-0.029829340977398835
 2022-04-15 23:20:31,858  
 CS_3 Linear regression: 
 dataset shape: (1000, 200) 
 Mean squared error: 46782.34146460778 
 samples: 200 
 --------------------------------- 

 2022-04-15 23:21:15,901  X=-0.057601216229556496
 2022-04-15 23:21:15,903  Y=0.103720644671888
 2022-04-15 23:21:15,905  Z=-0.03136097375251044
 2022-04-15 23:21:15,942  
 CS_3 Linear regression: 
 dataset shape: (1000, 400) 
 Mean squared error: 162635.62568249833 
 samples: 400 
 --------------------------------- 

 2022-04-15 23:22:13,105  X=0.05284985736199849
 2022-04-15 23:22:13,107  Y=-0.14830350187957375
 2022-04-15 23:22:13,109  Z=0.01552768033776714
 2022-04-15 23:22:13,163  
 CS_3 Linear regression: 
 dataset shape: (1000, 800) 
 Mean squared error: 208471118.6519514 
 samples: 800 
 --------------------------------- 

 2022-04-15 23:23:09,092  X=-0.008092964504815628
 2022-04-15 23:23:09,094  Y=0.03286270060523653
 2022-04-15 23:23:09,096  Z=0.04667832215796902
 2022-04-15 23:23:09,166  
 CS_3 Linear regression: 
 dataset shape: (1000, 1200) 
 Mean squared error: 3397924.9898352125 
 samples: 1200 
 --------------------------------- 

 2022-04-15 23:24:16,296  X=-0.023184908703745635
 2022-04-15 23:24:16,299  Y=-0.013242923016800396
 2022-04-15 23:24:16,301  Z=-0.03040407278937335
 2022-04-15 23:24:16,438  
 CS_3 Linear regression: 
 dataset shape: (1000, 2400) 
 Mean squared error: 628404.6494661114 
 samples: 2400 
 --------------------------------- 

 2022-04-15 23:25:38,718  X=-0.09488176357740885
 2022-04-15 23:25:38,720  Y=0.0441715315091607
 2022-04-15 23:25:38,723  Z=-0.001296181429310069
 2022-04-15 23:25:38,941  
 CS_3 Linear regression: 
 dataset shape: (1000, 4800) 
 Mean squared error: 244219.67608662279 
 samples: 4800 
 --------------------------------- 

