 2022-04-15 23:42:10,048  X=0.9568923049476682
 2022-04-15 23:42:10,051  Y=0.9458356933279858
 2022-04-15 23:42:10,053  Z=0.6227111662006921
 2022-04-15 23:42:10,095  
 CS1 
 dataset shape: (600, 50) 
 Mean squared error: 6557.573788343474 
 samples: 50 
 --------------------------------- 

 2022-04-15 23:42:35,062  X=0.8913696552848811
 2022-04-15 23:42:35,064  Y=0.8890952565393644
 2022-04-15 23:42:35,067  Z=0.8095997496063836
 2022-04-15 23:42:35,107  
 CS1 
 dataset shape: (600, 100) 
 Mean squared error: 8406.70442271435 
 samples: 100 
 --------------------------------- 

 2022-04-15 23:43:01,616  X=0.852237485640779
 2022-04-15 23:43:01,619  Y=0.9020249227929988
 2022-04-15 23:43:01,622  Z=0.7411118827761896
 2022-04-15 23:43:01,676  
 CS1 
 dataset shape: (600, 200) 
 Mean squared error: 10666.918163881754 
 samples: 200 
 --------------------------------- 

 2022-04-15 23:43:32,043  X=0.8838716849523143
 2022-04-15 23:43:32,045  Y=0.919236590796436
 2022-04-15 23:43:32,047  Z=0.7389941574662079
 2022-04-15 23:43:32,131  
 CS1 
 dataset shape: (600, 400) 
 Mean squared error: 8943.494540408026 
 samples: 400 
 --------------------------------- 

 2022-04-15 23:44:10,921  X=0.8860904360040034
 2022-04-15 23:44:10,924  Y=0.9056030046352498
 2022-04-15 23:44:10,926  Z=0.7356895220606916
 2022-04-15 23:44:11,051  
 CS1 
 dataset shape: (600, 800) 
 Mean squared error: 9140.783014272873 
 samples: 800 
 --------------------------------- 

 2022-04-15 23:44:56,923  X=0.8701980389888339
 2022-04-15 23:44:56,925  Y=0.9120638817904576
 2022-04-15 23:44:56,927  Z=0.7496824278468942
 2022-04-15 23:44:57,094  
 CS1 
 dataset shape: (600, 1200) 
 Mean squared error: 9506.717718961389 
 samples: 1200 
 --------------------------------- 

 2022-04-15 23:46:09,051  X=0.9032574200914569
 2022-04-15 23:46:09,054  Y=0.8973605283049798
 2022-04-15 23:46:09,056  Z=0.7184043011267779
 2022-04-15 23:46:09,340  
 CS1 
 dataset shape: (600, 2400) 
 Mean squared error: 8601.142122158428 
 samples: 2400 
 --------------------------------- 

 2022-04-15 23:48:15,499  X=0.8791490582481761
 2022-04-15 23:48:15,502  Y=0.9127665221408205
 2022-04-15 23:48:15,504  Z=0.7045153897430416
 2022-04-15 23:48:16,051  
 CS1 
 dataset shape: (600, 4800) 
 Mean squared error: 9659.010280921062 
 samples: 4800 
 --------------------------------- 

 2022-04-15 23:49:24,004  X=0.9542995432190512
 2022-04-15 23:49:24,006  Y=0.9503392494589202
 2022-04-15 23:49:24,008  Z=0.8902110104082611
 2022-04-15 23:49:24,049  
 CS2 
 dataset shape: (977, 50) 
 Mean squared error: 3563.0088815137533 
 samples: 50 
 --------------------------------- 

 2022-04-15 23:50:06,100  X=0.897670618166612
 2022-04-15 23:50:06,102  Y=0.9174022340593571
 2022-04-15 23:50:06,105  Z=0.8872069686902021
 2022-04-15 23:50:06,150  
 CS2 
 dataset shape: (977, 100) 
 Mean squared error: 6329.5837600758105 
 samples: 100 
 --------------------------------- 

 2022-04-15 23:50:51,009  X=0.9080284005835422
 2022-04-15 23:50:51,012  Y=0.8808989404008118
 2022-04-15 23:50:51,014  Z=0.8772587175881076
 2022-04-15 23:50:51,072  
 CS2 
 dataset shape: (977, 200) 
 Mean squared error: 6434.471777787922 
 samples: 200 
 --------------------------------- 

 2022-04-15 23:51:42,476  X=0.8975700530174393
 2022-04-15 23:51:42,479  Y=0.8465052939503469
 2022-04-15 23:51:42,481  Z=0.8833493154451098
 2022-04-15 23:51:42,556  
 CS2 
 dataset shape: (977, 400) 
 Mean squared error: 6992.463276615199 
 samples: 400 
 --------------------------------- 

 2022-04-15 23:52:47,378  X=0.8961456010058442
 2022-04-15 23:52:47,380  Y=0.8571754133820536
 2022-04-15 23:52:47,382  Z=0.879975147719266
 2022-04-15 23:52:47,505  
 CS2 
 dataset shape: (977, 800) 
 Mean squared error: 6968.713457262599 
 samples: 800 
 --------------------------------- 

 2022-04-15 23:54:04,188  X=0.9228238209215878
 2022-04-15 23:54:04,191  Y=0.8789665645992387
 2022-04-15 23:54:04,193  Z=0.8860086617128645
 2022-04-15 23:54:04,350  
 CS2 
 dataset shape: (977, 1200) 
 Mean squared error: 5686.88752006615 
 samples: 1200 
 --------------------------------- 

 2022-04-15 23:56:01,118  X=0.9073155554892626
 2022-04-15 23:56:01,120  Y=0.8727762571386966
 2022-04-15 23:56:01,122  Z=0.8699364746834549
 2022-04-15 23:56:01,431  
 CS2 
 dataset shape: (977, 2400) 
 Mean squared error: 6475.480582728674 
 samples: 2400 
 --------------------------------- 

 2022-04-15 23:59:17,875  X=0.8942708185507622
 2022-04-15 23:59:17,877  Y=0.8733908947238818
 2022-04-15 23:59:17,879  Z=0.8908198258943735
 2022-04-15 23:59:18,444  
 CS2 
 dataset shape: (977, 4800) 
 Mean squared error: 6818.1746413565415 
 samples: 4800 
 --------------------------------- 

 2022-04-16 00:00:54,071  X=0.8476374075434214
 2022-04-16 00:00:54,073  Y=0.6480368862501736
 2022-04-16 00:00:54,075  Z=0.40901171617230325
 2022-04-16 00:00:54,113  
 CS3 
 dataset shape: (1000, 50) 
 Mean squared error: 12575.252858038526 
 samples: 50 
 --------------------------------- 

 2022-04-16 00:01:35,994  X=0.7963136535183255
 2022-04-16 00:01:35,997  Y=0.6208140064728617
 2022-04-16 00:01:35,999  Z=0.5716659780274277
 2022-04-16 00:01:36,041  
 CS3 
 dataset shape: (1000, 100) 
 Mean squared error: 13723.839410467672 
 samples: 100 
 --------------------------------- 

 2022-04-16 00:02:21,065  X=0.822377930204708
 2022-04-16 00:02:21,067  Y=0.4801163897573189
 2022-04-16 00:02:21,069  Z=0.6058927512852057
 2022-04-16 00:02:21,126  
 CS3 
 dataset shape: (1000, 200) 
 Mean squared error: 13392.888505779354 
 samples: 200 
 --------------------------------- 

 2022-04-16 00:03:13,095  X=0.814497455135235
 2022-04-16 00:03:13,097  Y=0.4954603067121412
 2022-04-16 00:03:13,099  Z=0.5523981584053791
 2022-04-16 00:03:13,172  
 CS3 
 dataset shape: (1000, 400) 
 Mean squared error: 13855.63069919367 
 samples: 400 
 --------------------------------- 

 2022-04-16 00:04:18,413  X=0.7974540812691986
 2022-04-16 00:04:18,415  Y=0.5192089900266132
 2022-04-16 00:04:18,417  Z=0.5337848711682539
 2022-04-16 00:04:18,527  
 CS3 
 dataset shape: (1000, 800) 
 Mean squared error: 14421.388419435176 
 samples: 800 
 --------------------------------- 

 2022-04-16 00:05:35,166  X=0.7995354704218018
 2022-04-16 00:05:35,168  Y=0.5178216409466039
 2022-04-16 00:05:35,170  Z=0.530307579415104
 2022-04-16 00:05:35,328  
 CS3 
 dataset shape: (1000, 1200) 
 Mean squared error: 14397.23156088349 
 samples: 1200 
 --------------------------------- 

 2022-04-16 00:07:32,636  X=0.8220151769899801
 2022-04-16 00:07:32,639  Y=0.4802661129485129
 2022-04-16 00:07:32,641  Z=0.5572429752921607
 2022-04-16 00:07:32,921  
 CS3 
 dataset shape: (1000, 2400) 
 Mean squared error: 13742.798107838107 
 samples: 2400 
 --------------------------------- 

 2022-04-16 00:10:53,966  X=0.7887078409156324
 2022-04-16 00:10:53,969  Y=0.5248731794938997
 2022-04-16 00:10:53,971  Z=0.5268238394440807
 2022-04-16 00:10:54,494  
 CS3 
 dataset shape: (1000, 4800) 
 Mean squared error: 14741.910490901306 
 samples: 4800 
 --------------------------------- 